This file contains any messages produced by compilers while
running configure, to aid debugging if configure makes a mistake.

It was created by Aleph One/SDL configure 20140104, which was
generated by GNU Autoconf 2.69.  Invocation command line was

  $ ./configure 

## --------- ##
## Platform. ##
## --------- ##

hostname = radverbial-M68MT-D3
uname -m = x86_64
uname -r = 3.13.0-36-generic
uname -s = Linux
uname -v = #63-Ubuntu SMP Wed Sep 3 21:30:07 UTC 2014

/usr/bin/uname -p = unknown
/bin/uname -X     = unknown

/bin/arch              = unknown
/usr/bin/arch -k       = unknown
/usr/convex/getsysinfo = unknown
/usr/bin/hostinfo      = unknown
/bin/machine           = unknown
/usr/bin/oslevel       = unknown
/bin/universe          = unknown

PATH: /usr/local/sbin
PATH: /usr/local/bin
PATH: /usr/sbin
PATH: /usr/bin
PATH: /sbin
PATH: /bin
PATH: /usr/games
PATH: /usr/local/games


## ----------- ##
## Core tests. ##
## ----------- ##

configure:2454: checking build system type
configure:2468: result: x86_64-unknown-linux-gnu
configure:2488: checking host system type
configure:2501: result: x86_64-unknown-linux-gnu
configure:2521: checking target system type
configure:2534: result: x86_64-unknown-linux-gnu
configure:2577: checking for a BSD-compatible install
configure:2645: result: /usr/bin/install -c
configure:2656: checking whether build environment is sane
configure:2706: result: yes
configure:2847: checking for a thread-safe mkdir -p
configure:2886: result: /bin/mkdir -p
configure:2899: checking for gawk
configure:2915: found /usr/bin/gawk
configure:2926: result: gawk
configure:2937: checking whether make sets $(MAKE)
configure:2959: result: yes
configure:3168: checking for gcc
configure:3184: found /usr/bin/gcc
configure:3195: result: gcc
configure:3424: checking for C compiler version
configure:3433: gcc --version >&5
gcc (Ubuntu 4.8.2-19ubuntu1) 4.8.2
Copyright (C) 2013 Free Software Foundation, Inc.
This is free software; see the source for copying conditions.  There is NO
warranty; not even for MERCHANTABILITY or FITNESS FOR A PARTICULAR PURPOSE.

configure:3444: $? = 0
configure:3433: gcc -v >&5
Using built-in specs.
COLLECT_GCC=gcc
COLLECT_LTO_WRAPPER=/usr/lib/gcc/x86_64-linux-gnu/4.8/lto-wrapper
Target: x86_64-linux-gnu
Configured with: ../src/configure -v --with-pkgversion='Ubuntu 4.8.2-19ubuntu1' --with-bugurl=file:///usr/share/doc/gcc-4.8/README.Bugs --enable-languages=c,c++,java,go,d,fortran,objc,obj-c++ --prefix=/usr --program-suffix=-4.8 --enable-shared --enable-linker-build-id --libexecdir=/usr/lib --without-included-gettext --enable-threads=posix --with-gxx-include-dir=/usr/include/c++/4.8 --libdir=/usr/lib --enable-nls --with-sysroot=/ --enable-clocale=gnu --enable-libstdcxx-debug --enable-libstdcxx-time=yes --enable-gnu-unique-object --disable-libmudflap --enable-plugin --with-system-zlib --disable-browser-plugin --enable-java-awt=gtk --enable-gtk-cairo --with-java-home=/usr/lib/jvm/java-1.5.0-gcj-4.8-amd64/jre --enable-java-home --with-jvm-root-dir=/usr/lib/jvm/java-1.5.0-gcj-4.8-amd64 --with-jvm-jar-dir=/usr/lib/jvm-exports/java-1.5.0-gcj-4.8-amd64 --with-arch-directory=amd64 --with-ecj-jar=/usr/share/java/eclipse-ecj.jar --enable-objc-gc --enable-multiarch --disable-werror --with-arch-32=i686 --with-abi=m64 --with-multilib-list=m32,m64,mx32 --with-tune=generic --enable-checking=release --build=x86_64-linux-gnu --host=x86_64-linux-gnu --target=x86_64-linux-gnu
Thread model: posix
gcc version 4.8.2 (Ubuntu 4.8.2-19ubuntu1) 
configure:3444: $? = 0
configure:3433: gcc -V >&5
gcc: error: unrecognized command line option '-V'
gcc: fatal error: no input files
compilation terminated.
configure:3444: $? = 4
configure:3433: gcc -qversion >&5
gcc: error: unrecognized command line option '-qversion'
gcc: fatal error: no input files
compilation terminated.
configure:3444: $? = 4
configure:3464: checking whether the C compiler works
configure:3486: gcc    conftest.c  >&5
configure:3490: $? = 0
configure:3538: result: yes
configure:3541: checking for C compiler default output file name
configure:3543: result: a.out
configure:3549: checking for suffix of executables
configure:3556: gcc -o conftest    conftest.c  >&5
configure:3560: $? = 0
configure:3582: result: 
configure:3604: checking whether we are cross compiling
configure:3612: gcc -o conftest    conftest.c  >&5
configure:3616: $? = 0
configure:3623: ./conftest
configure:3627: $? = 0
configure:3642: result: no
configure:3647: checking for suffix of object files
configure:3669: gcc -c   conftest.c >&5
configure:3673: $? = 0
configure:3694: result: o
configure:3698: checking whether we are using the GNU C compiler
configure:3717: gcc -c   conftest.c >&5
configure:3717: $? = 0
configure:3726: result: yes
configure:3735: checking whether gcc accepts -g
configure:3755: gcc -c -g  conftest.c >&5
configure:3755: $? = 0
configure:3796: result: yes
configure:3813: checking for gcc option to accept ISO C89
configure:3876: gcc  -c -g -O2  conftest.c >&5
configure:3876: $? = 0
configure:3889: result: none needed
configure:3920: checking for style of include used by make
configure:3948: result: GNU
configure:3974: checking dependency style of gcc
configure:4085: result: gcc3
configure:4105: checking how to run the C preprocessor
configure:4136: gcc -E  conftest.c
configure:4136: $? = 0
configure:4150: gcc -E  conftest.c
conftest.c:11:28: fatal error: ac_nonexistent.h: No such file or directory
 #include <ac_nonexistent.h>
                            ^
compilation terminated.
configure:4150: $? = 1
configure: failed program was:
| /* confdefs.h */
| #define PACKAGE_NAME "Aleph One/SDL"
| #define PACKAGE_TARNAME "AlephOne"
| #define PACKAGE_VERSION "20140104"
| #define PACKAGE_STRING "Aleph One/SDL 20140104"
| #define PACKAGE_BUGREPORT "http://sourceforge.net/bugs/?group_id=1997"
| #define PACKAGE_URL ""
| #define PACKAGE "AlephOne"
| #define VERSION "20140104"
| /* end confdefs.h.  */
| #include <ac_nonexistent.h>
configure:4175: result: gcc -E
configure:4195: gcc -E  conftest.c
configure:4195: $? = 0
configure:4209: gcc -E  conftest.c
conftest.c:11:28: fatal error: ac_nonexistent.h: No such file or directory
 #include <ac_nonexistent.h>
                            ^
compilation terminated.
configure:4209: $? = 1
configure: failed program was:
| /* confdefs.h */
| #define PACKAGE_NAME "Aleph One/SDL"
| #define PACKAGE_TARNAME "AlephOne"
| #define PACKAGE_VERSION "20140104"
| #define PACKAGE_STRING "Aleph One/SDL 20140104"
| #define PACKAGE_BUGREPORT "http://sourceforge.net/bugs/?group_id=1997"
| #define PACKAGE_URL ""
| #define PACKAGE "AlephOne"
| #define VERSION "20140104"
| /* end confdefs.h.  */
| #include <ac_nonexistent.h>
configure:4295: checking for g++
configure:4311: found /usr/bin/g++
configure:4322: result: g++
configure:4349: checking for C++ compiler version
configure:4358: g++ --version >&5
g++ (Ubuntu 4.8.2-19ubuntu1) 4.8.2
Copyright (C) 2013 Free Software Foundation, Inc.
This is free software; see the source for copying conditions.  There is NO
warranty; not even for MERCHANTABILITY or FITNESS FOR A PARTICULAR PURPOSE.

configure:4369: $? = 0
configure:4358: g++ -v >&5
Using built-in specs.
COLLECT_GCC=g++
COLLECT_LTO_WRAPPER=/usr/lib/gcc/x86_64-linux-gnu/4.8/lto-wrapper
Target: x86_64-linux-gnu
Configured with: ../src/configure -v --with-pkgversion='Ubuntu 4.8.2-19ubuntu1' --with-bugurl=file:///usr/share/doc/gcc-4.8/README.Bugs --enable-languages=c,c++,java,go,d,fortran,objc,obj-c++ --prefix=/usr --program-suffix=-4.8 --enable-shared --enable-linker-build-id --libexecdir=/usr/lib --without-included-gettext --enable-threads=posix --with-gxx-include-dir=/usr/include/c++/4.8 --libdir=/usr/lib --enable-nls --with-sysroot=/ --enable-clocale=gnu --enable-libstdcxx-debug --enable-libstdcxx-time=yes --enable-gnu-unique-object --disable-libmudflap --enable-plugin --with-system-zlib --disable-browser-plugin --enable-java-awt=gtk --enable-gtk-cairo --with-java-home=/usr/lib/jvm/java-1.5.0-gcj-4.8-amd64/jre --enable-java-home --with-jvm-root-dir=/usr/lib/jvm/java-1.5.0-gcj-4.8-amd64 --with-jvm-jar-dir=/usr/lib/jvm-exports/java-1.5.0-gcj-4.8-amd64 --with-arch-directory=amd64 --with-ecj-jar=/usr/share/java/eclipse-ecj.jar --enable-objc-gc --enable-multiarch --disable-werror --with-arch-32=i686 --with-abi=m64 --with-multilib-list=m32,m64,mx32 --with-tune=generic --enable-checking=release --build=x86_64-linux-gnu --host=x86_64-linux-gnu --target=x86_64-linux-gnu
Thread model: posix
gcc version 4.8.2 (Ubuntu 4.8.2-19ubuntu1) 
configure:4369: $? = 0
configure:4358: g++ -V >&5
g++: error: unrecognized command line option '-V'
g++: fatal error: no input files
compilation terminated.
configure:4369: $? = 4
configure:4358: g++ -qversion >&5
g++: error: unrecognized command line option '-qversion'
g++: fatal error: no input files
compilation terminated.
configure:4369: $? = 4
configure:4373: checking whether we are using the GNU C++ compiler
configure:4392: g++ -c   conftest.cpp >&5
configure:4392: $? = 0
configure:4401: result: yes
configure:4410: checking whether g++ accepts -g
configure:4430: g++ -c -g  conftest.cpp >&5
configure:4430: $? = 0
configure:4471: result: yes
configure:4496: checking dependency style of g++
configure:4607: result: gcc3
configure:4627: checking how to run the C++ preprocessor
configure:4654: g++ -E  conftest.cpp
configure:4654: $? = 0
configure:4668: g++ -E  conftest.cpp
conftest.cpp:11:28: fatal error: ac_nonexistent.h: No such file or directory
 #include <ac_nonexistent.h>
                            ^
compilation terminated.
configure:4668: $? = 1
configure: failed program was:
| /* confdefs.h */
| #define PACKAGE_NAME "Aleph One/SDL"
| #define PACKAGE_TARNAME "AlephOne"
| #define PACKAGE_VERSION "20140104"
| #define PACKAGE_STRING "Aleph One/SDL 20140104"
| #define PACKAGE_BUGREPORT "http://sourceforge.net/bugs/?group_id=1997"
| #define PACKAGE_URL ""
| #define PACKAGE "AlephOne"
| #define VERSION "20140104"
| /* end confdefs.h.  */
| #include <ac_nonexistent.h>
configure:4693: result: g++ -E
configure:4713: g++ -E  conftest.cpp
configure:4713: $? = 0
configure:4727: g++ -E  conftest.cpp
conftest.cpp:11:28: fatal error: ac_nonexistent.h: No such file or directory
 #include <ac_nonexistent.h>
                            ^
compilation terminated.
configure:4727: $? = 1
configure: failed program was:
| /* confdefs.h */
| #define PACKAGE_NAME "Aleph One/SDL"
| #define PACKAGE_TARNAME "AlephOne"
| #define PACKAGE_VERSION "20140104"
| #define PACKAGE_STRING "Aleph One/SDL 20140104"
| #define PACKAGE_BUGREPORT "http://sourceforge.net/bugs/?group_id=1997"
| #define PACKAGE_URL ""
| #define PACKAGE "AlephOne"
| #define VERSION "20140104"
| /* end confdefs.h.  */
| #include <ac_nonexistent.h>
configure:4799: checking for ranlib
configure:4815: found /usr/bin/ranlib
configure:4826: result: ranlib
configure:4953: checking for grep that handles long lines and -e
configure:5011: result: /bin/grep
configure:5016: checking for egrep
configure:5078: result: /bin/grep -E
configure:5083: checking for ANSI C header files
configure:5103: gcc -c -g -O2  conftest.c >&5
configure:5103: $? = 0
configure:5176: gcc -o conftest -g -O2   conftest.c  >&5
configure:5176: $? = 0
configure:5176: ./conftest
configure:5176: $? = 0
configure:5187: result: yes
configure:5200: checking for sys/types.h
configure:5200: gcc -c -g -O2  conftest.c >&5
configure:5200: $? = 0
configure:5200: result: yes
configure:5200: checking for sys/stat.h
configure:5200: gcc -c -g -O2  conftest.c >&5
configure:5200: $? = 0
configure:5200: result: yes
configure:5200: checking for stdlib.h
configure:5200: gcc -c -g -O2  conftest.c >&5
configure:5200: $? = 0
configure:5200: result: yes
configure:5200: checking for string.h
configure:5200: gcc -c -g -O2  conftest.c >&5
configure:5200: $? = 0
configure:5200: result: yes
configure:5200: checking for memory.h
configure:5200: gcc -c -g -O2  conftest.c >&5
configure:5200: $? = 0
configure:5200: result: yes
configure:5200: checking for strings.h
configure:5200: gcc -c -g -O2  conftest.c >&5
configure:5200: $? = 0
configure:5200: result: yes
configure:5200: checking for inttypes.h
configure:5200: gcc -c -g -O2  conftest.c >&5
configure:5200: $? = 0
configure:5200: result: yes
configure:5200: checking for stdint.h
configure:5200: gcc -c -g -O2  conftest.c >&5
configure:5200: $? = 0
configure:5200: result: yes
configure:5200: checking for unistd.h
configure:5200: gcc -c -g -O2  conftest.c >&5
configure:5200: $? = 0
configure:5200: result: yes
configure:5214: checking for unistd.h
configure:5214: result: yes
configure:5226: checking pwd.h usability
configure:5226: gcc -c -g -O2  conftest.c >&5
configure:5226: $? = 0
configure:5226: result: yes
configure:5226: checking pwd.h presence
configure:5226: gcc -E  conftest.c
configure:5226: $? = 0
configure:5226: result: yes
configure:5226: checking for pwd.h
configure:5226: result: yes
configure:5237: checking for snprintf
configure:5237: gcc -o conftest -g -O2   conftest.c  >&5
conftest.c:46:6: warning: conflicting types for built-in function 'snprintf' [enabled by default]
 char snprintf ();
      ^
configure:5237: $? = 0
configure:5237: result: yes
configure:5246: checking for vsnprintf
configure:5246: gcc -o conftest -g -O2   conftest.c  >&5
conftest.c:47:6: warning: conflicting types for built-in function 'vsnprintf' [enabled by default]
 char vsnprintf ();
      ^
configure:5246: $? = 0
configure:5246: result: yes
configure:5256: checking for mkstemp
configure:5256: gcc -o conftest -g -O2   conftest.c  >&5
configure:5256: $? = 0
configure:5256: result: yes
configure:5265: checking for sysconf
configure:5265: gcc -o conftest -g -O2   conftest.c  >&5
configure:5265: $? = 0
configure:5265: result: yes
configure:5274: checking for sysctlbyname
configure:5274: gcc -o conftest -g -O2   conftest.c  >&5
/tmp/ccnWMfK2.o: In function `main':
/home/radverbial/marathon-code/conftest.c:61: undefined reference to `sysctlbyname'
collect2: error: ld returned 1 exit status
configure:5274: $? = 1
configure: failed program was:
| /* confdefs.h */
| #define PACKAGE_NAME "Aleph One/SDL"
| #define PACKAGE_TARNAME "AlephOne"
| #define PACKAGE_VERSION "20140104"
| #define PACKAGE_STRING "Aleph One/SDL 20140104"
| #define PACKAGE_BUGREPORT "http://sourceforge.net/bugs/?group_id=1997"
| #define PACKAGE_URL ""
| #define PACKAGE "AlephOne"
| #define VERSION "20140104"
| #define STDC_HEADERS 1
| #define HAVE_SYS_TYPES_H 1
| #define HAVE_SYS_STAT_H 1
| #define HAVE_STDLIB_H 1
| #define HAVE_STRING_H 1
| #define HAVE_MEMORY_H 1
| #define HAVE_STRINGS_H 1
| #define HAVE_INTTYPES_H 1
| #define HAVE_STDINT_H 1
| #define HAVE_UNISTD_H 1
| #define HAVE_UNISTD_H 1
| #define HAVE_PWD_H 1
| #define HAVE_SNPRINTF 1
| #define HAVE_VSNPRINTF 1
| #define LUA_USE_MKSTEMP 1
| #define HAVE_SYSCONF 1
| /* end confdefs.h.  */
| /* Define sysctlbyname to an innocuous variant, in case <limits.h> declares sysctlbyname.
|    For example, HP-UX 11i <limits.h> declares gettimeofday.  */
| #define sysctlbyname innocuous_sysctlbyname
| 
| /* System header to define __stub macros and hopefully few prototypes,
|     which can conflict with char sysctlbyname (); below.
|     Prefer <limits.h> to <assert.h> if __STDC__ is defined, since
|     <limits.h> exists even on freestanding compilers.  */
| 
| #ifdef __STDC__
| # include <limits.h>
| #else
| # include <assert.h>
| #endif
| 
| #undef sysctlbyname
| 
| /* Override any GCC internal prototype to avoid an error.
|    Use char because int might match the return type of a GCC
|    builtin and then its argument prototype would still apply.  */
| #ifdef __cplusplus
| extern "C"
| #endif
| char sysctlbyname ();
| /* The GNU C library defines this for functions which it implements
|     to always fail with ENOSYS.  Some functions are actually named
|     something starting with __ and the normal name is an alias.  */
| #if defined __stub_sysctlbyname || defined __stub___sysctlbyname
| choke me
| #endif
| 
| int
| main ()
| {
| return sysctlbyname ();
|   ;
|   return 0;
| }
configure:5274: result: no
configure:5327: checking for sdl-config
configure:5345: found /usr/bin/sdl-config
configure:5358: result: /usr/bin/sdl-config
configure:5368: checking for SDL - version >= 1.2.0
configure:5455: gcc -o conftest -g -O2 -I/usr/include/SDL -D_GNU_SOURCE=1 -D_REENTRANT   conftest.c  -L/usr/lib/x86_64-linux-gnu -lSDL >&5
configure:5455: $? = 0
configure:5455: ./conftest
configure:5455: $? = 0
configure:5470: result: yes
configure:5547: checking SDL_image.h usability
configure:5547: gcc -c -g -O2  -I/usr/include/SDL -D_GNU_SOURCE=1 -D_REENTRANT -DSDL conftest.c >&5
configure:5547: $? = 0
configure:5547: result: yes
configure:5547: checking SDL_image.h presence
configure:5547: gcc -E  -I/usr/include/SDL -D_GNU_SOURCE=1 -D_REENTRANT -DSDL conftest.c
configure:5547: $? = 0
configure:5547: result: yes
configure:5547: checking for SDL_image.h
configure:5547: result: yes
configure:5553: checking for IMG_Load in -lSDL_image
configure:5578: gcc -o conftest -g -O2  -I/usr/include/SDL -D_GNU_SOURCE=1 -D_REENTRANT -DSDL  conftest.c -lSDL_image   -L/usr/lib/x86_64-linux-gnu -lSDL >&5
configure:5578: $? = 0
configure:5587: result: yes
configure:5606: checking SDL_ttf.h usability
configure:5606: gcc -c -g -O2  -I/usr/include/SDL -D_GNU_SOURCE=1 -D_REENTRANT -DSDL conftest.c >&5
configure:5606: $? = 0
configure:5606: result: yes
configure:5606: checking SDL_ttf.h presence
configure:5606: gcc -E  -I/usr/include/SDL -D_GNU_SOURCE=1 -D_REENTRANT -DSDL conftest.c
configure:5606: $? = 0
configure:5606: result: yes
configure:5606: checking for SDL_ttf.h
configure:5606: result: yes
configure:5612: checking for TTF_Init in -lSDL_ttf
configure:5637: gcc -o conftest -g -O2  -I/usr/include/SDL -D_GNU_SOURCE=1 -D_REENTRANT -DSDL  conftest.c -lSDL_ttf  -lSDL_image  -L/usr/lib/x86_64-linux-gnu -lSDL >&5
configure:5637: $? = 0
configure:5646: result: yes
configure:5667: checking SDL_net.h usability
configure:5667: gcc -c -g -O2  -I/usr/include/SDL -D_GNU_SOURCE=1 -D_REENTRANT -DSDL conftest.c >&5
configure:5667: $? = 0
configure:5667: result: yes
configure:5667: checking SDL_net.h presence
configure:5667: gcc -E  -I/usr/include/SDL -D_GNU_SOURCE=1 -D_REENTRANT -DSDL conftest.c
configure:5667: $? = 0
configure:5667: result: yes
configure:5667: checking for SDL_net.h
configure:5667: result: yes
configure:5673: checking for SDLNet_Init in -lSDL_net
configure:5698: gcc -o conftest -g -O2  -I/usr/include/SDL -D_GNU_SOURCE=1 -D_REENTRANT -DSDL  conftest.c -lSDL_net  -lSDL_ttf -lSDL_image  -L/usr/lib/x86_64-linux-gnu -lSDL >&5
configure:5698: $? = 0
configure:5707: result: yes
configure:5735: checking for library containing gethostbyname
configure:5766: gcc -o conftest -g -O2  -I/usr/include/SDL -D_GNU_SOURCE=1 -D_REENTRANT -DSDL  conftest.c -lSDL_net -lSDL_ttf -lSDL_image  -L/usr/lib/x86_64-linux-gnu -lSDL >&5
configure:5766: $? = 0
configure:5783: result: none required
configure:5791: checking for library containing socket
configure:5822: gcc -o conftest -g -O2  -I/usr/include/SDL -D_GNU_SOURCE=1 -D_REENTRANT -DSDL  conftest.c -lSDL_net -lSDL_ttf -lSDL_image  -L/usr/lib/x86_64-linux-gnu -lSDL >&5
configure:5822: $? = 0
configure:5839: result: none required
configure:5890: checking zlib.h usability
configure:5890: gcc -c -g -O2  -I/usr/include/SDL -D_GNU_SOURCE=1 -D_REENTRANT -DSDL conftest.c >&5
configure:5890: $? = 0
configure:5890: result: yes
configure:5890: checking zlib.h presence
configure:5890: gcc -E  -I/usr/include/SDL -D_GNU_SOURCE=1 -D_REENTRANT -DSDL conftest.c
configure:5890: $? = 0
configure:5890: result: yes
configure:5890: checking for zlib.h
configure:5890: result: yes
configure:5898: checking for zlibVersion in -lz
configure:5923: gcc -o conftest -g -O2  -I/usr/include/SDL -D_GNU_SOURCE=1 -D_REENTRANT -DSDL  conftest.c -lz  -lSDL_net -lSDL_ttf -lSDL_image  -L/usr/lib/x86_64-linux-gnu -lSDL >&5
configure:5923: $? = 0
configure:5932: result: yes
configure:5997: checking for pkg-config
configure:6015: found /usr/bin/pkg-config
configure:6027: result: /usr/bin/pkg-config
configure:6052: checking pkg-config is at least version 0.9.0
configure:6055: result: yes
configure:6065: checking for ZZIP
configure:6072: $PKG_CONFIG --exists --print-errors "zziplib >= 0.10.75"
configure:6075: $? = 0
configure:6089: $PKG_CONFIG --exists --print-errors "zziplib >= 0.10.75"
configure:6092: $? = 0
configure:6150: result: yes
configure:6175: checking for PNG
configure:6182: $PKG_CONFIG --exists --print-errors "libpng"
configure:6185: $? = 0
configure:6199: $PKG_CONFIG --exists --print-errors "libpng"
configure:6202: $? = 0
configure:6260: result: yes
configure:6289: checking boost/bind.hpp usability
configure:6289: g++ -c -g -O2 -std=c++1y -I/usr/include/libpng12   -D_FORTIFY_SOURCE=2    -I/usr/include/SDL -D_GNU_SOURCE=1 -D_REENTRANT -DSDL conftest.cpp >&5
configure:6289: $? = 0
configure:6289: result: yes
configure:6289: checking boost/bind.hpp presence
configure:6289: g++ -E -I/usr/include/libpng12   -D_FORTIFY_SOURCE=2    -I/usr/include/SDL -D_GNU_SOURCE=1 -D_REENTRANT -DSDL conftest.cpp
configure:6289: $? = 0
configure:6289: result: yes
configure:6289: checking for boost/bind.hpp
configure:6289: result: yes
configure:6310: checking boost/function.hpp usability
configure:6310: g++ -c -g -O2 -std=c++1y -I/usr/include/libpng12   -D_FORTIFY_SOURCE=2    -I/usr/include/SDL -D_GNU_SOURCE=1 -D_REENTRANT -DSDL conftest.cpp >&5
configure:6310: $? = 0
configure:6310: result: yes
configure:6310: checking boost/function.hpp presence
configure:6310: g++ -E -I/usr/include/libpng12   -D_FORTIFY_SOURCE=2    -I/usr/include/SDL -D_GNU_SOURCE=1 -D_REENTRANT -DSDL conftest.cpp
configure:6310: $? = 0
configure:6310: result: yes
configure:6310: checking for boost/function.hpp
configure:6310: result: yes
configure:6328: checking smpeg/smpeg.h usability
configure:6328: gcc -c -g -O2 -I/usr/include/libpng12   -D_FORTIFY_SOURCE=2    -I/usr/include/SDL -D_GNU_SOURCE=1 -D_REENTRANT -DSDL conftest.c >&5
conftest.c:68:25: fatal error: smpeg/smpeg.h: No such file or directory
 #include <smpeg/smpeg.h>
                         ^
compilation terminated.
configure:6328: $? = 1
configure: failed program was:
| /* confdefs.h */
| #define PACKAGE_NAME "Aleph One/SDL"
| #define PACKAGE_TARNAME "AlephOne"
| #define PACKAGE_VERSION "20140104"
| #define PACKAGE_STRING "Aleph One/SDL 20140104"
| #define PACKAGE_BUGREPORT "http://sourceforge.net/bugs/?group_id=1997"
| #define PACKAGE_URL ""
| #define PACKAGE "AlephOne"
| #define VERSION "20140104"
| #define STDC_HEADERS 1
| #define HAVE_SYS_TYPES_H 1
| #define HAVE_SYS_STAT_H 1
| #define HAVE_STDLIB_H 1
| #define HAVE_STRING_H 1
| #define HAVE_MEMORY_H 1
| #define HAVE_STRINGS_H 1
| #define HAVE_INTTYPES_H 1
| #define HAVE_STDINT_H 1
| #define HAVE_UNISTD_H 1
| #define HAVE_UNISTD_H 1
| #define HAVE_PWD_H 1
| #define HAVE_SNPRINTF 1
| #define HAVE_VSNPRINTF 1
| #define LUA_USE_MKSTEMP 1
| #define HAVE_SYSCONF 1
| #define HAVE_SDL_IMAGE_H 1
| #define HAVE_SDL_IMAGE 1
| #define HAVE_SDL_TTF_H 1
| #define HAVE_SDL_TTF 1
| #define HAVE_SDL_NET_H 1
| #define HAVE_SDL_NET 1
| #define HAVE_ZZIP 1
| #define HAVE_PNG 1
| /* end confdefs.h.  */
| #include <stdio.h>
| #ifdef HAVE_SYS_TYPES_H
| # include <sys/types.h>
| #endif
| #ifdef HAVE_SYS_STAT_H
| # include <sys/stat.h>
| #endif
| #ifdef STDC_HEADERS
| # include <stdlib.h>
| # include <stddef.h>
| #else
| # ifdef HAVE_STDLIB_H
| #  include <stdlib.h>
| # endif
| #endif
| #ifdef HAVE_STRING_H
| # if !defined STDC_HEADERS && defined HAVE_MEMORY_H
| #  include <memory.h>
| # endif
| # include <string.h>
| #endif
| #ifdef HAVE_STRINGS_H
| # include <strings.h>
| #endif
| #ifdef HAVE_INTTYPES_H
| # include <inttypes.h>
| #endif
| #ifdef HAVE_STDINT_H
| # include <stdint.h>
| #endif
| #ifdef HAVE_UNISTD_H
| # include <unistd.h>
| #endif
| #include <smpeg/smpeg.h>
configure:6328: result: no
configure:6328: checking smpeg/smpeg.h presence
configure:6328: gcc -E -I/usr/include/libpng12   -D_FORTIFY_SOURCE=2    -I/usr/include/SDL -D_GNU_SOURCE=1 -D_REENTRANT -DSDL conftest.c
conftest.c:35:25: fatal error: smpeg/smpeg.h: No such file or directory
 #include <smpeg/smpeg.h>
                         ^
compilation terminated.
configure:6328: $? = 1
configure: failed program was:
| /* confdefs.h */
| #define PACKAGE_NAME "Aleph One/SDL"
| #define PACKAGE_TARNAME "AlephOne"
| #define PACKAGE_VERSION "20140104"
| #define PACKAGE_STRING "Aleph One/SDL 20140104"
| #define PACKAGE_BUGREPORT "http://sourceforge.net/bugs/?group_id=1997"
| #define PACKAGE_URL ""
| #define PACKAGE "AlephOne"
| #define VERSION "20140104"
| #define STDC_HEADERS 1
| #define HAVE_SYS_TYPES_H 1
| #define HAVE_SYS_STAT_H 1
| #define HAVE_STDLIB_H 1
| #define HAVE_STRING_H 1
| #define HAVE_MEMORY_H 1
| #define HAVE_STRINGS_H 1
| #define HAVE_INTTYPES_H 1
| #define HAVE_STDINT_H 1
| #define HAVE_UNISTD_H 1
| #define HAVE_UNISTD_H 1
| #define HAVE_PWD_H 1
| #define HAVE_SNPRINTF 1
| #define HAVE_VSNPRINTF 1
| #define LUA_USE_MKSTEMP 1
| #define HAVE_SYSCONF 1
| #define HAVE_SDL_IMAGE_H 1
| #define HAVE_SDL_IMAGE 1
| #define HAVE_SDL_TTF_H 1
| #define HAVE_SDL_TTF 1
| #define HAVE_SDL_NET_H 1
| #define HAVE_SDL_NET 1
| #define HAVE_ZZIP 1
| #define HAVE_PNG 1
| /* end confdefs.h.  */
| #include <smpeg/smpeg.h>
configure:6328: result: no
configure:6328: checking for smpeg/smpeg.h
configure:6328: result: no
configure:6389: checking mad.h usability
configure:6389: gcc -c -g -O2 -I/usr/include/libpng12   -D_FORTIFY_SOURCE=2    -I/usr/include/SDL -D_GNU_SOURCE=1 -D_REENTRANT -DSDL conftest.c >&5
configure:6389: $? = 0
configure:6389: result: yes
configure:6389: checking mad.h presence
configure:6389: gcc -E -I/usr/include/libpng12   -D_FORTIFY_SOURCE=2    -I/usr/include/SDL -D_GNU_SOURCE=1 -D_REENTRANT -DSDL conftest.c
configure:6389: $? = 0
configure:6389: result: yes
configure:6389: checking for mad.h
configure:6389: result: yes
configure:6395: checking for mad_stream_init in -lmad
configure:6420: gcc -o conftest -g -O2 -I/usr/include/libpng12   -D_FORTIFY_SOURCE=2    -I/usr/include/SDL -D_GNU_SOURCE=1 -D_REENTRANT -DSDL  conftest.c -lmad  -lpng12   -Wl,-Bsymbolic-functions -Wl,-z,relro -lzzip -lz   -lz -lSDL_net -lSDL_ttf -lSDL_image  -L/usr/lib/x86_64-linux-gnu -lSDL >&5
configure:6420: $? = 0
configure:6429: result: yes
configure:6450: checking sndfile.h usability
configure:6450: gcc -c -g -O2 -I/usr/include/libpng12   -D_FORTIFY_SOURCE=2    -I/usr/include/SDL -D_GNU_SOURCE=1 -D_REENTRANT -DSDL conftest.c >&5
configure:6450: $? = 0
configure:6450: result: yes
configure:6450: checking sndfile.h presence
configure:6450: gcc -E -I/usr/include/libpng12   -D_FORTIFY_SOURCE=2    -I/usr/include/SDL -D_GNU_SOURCE=1 -D_REENTRANT -DSDL conftest.c
configure:6450: $? = 0
configure:6450: result: yes
configure:6450: checking for sndfile.h
configure:6450: result: yes
configure:6456: checking for sf_open in -lsndfile
configure:6481: gcc -o conftest -g -O2 -I/usr/include/libpng12   -D_FORTIFY_SOURCE=2    -I/usr/include/SDL -D_GNU_SOURCE=1 -D_REENTRANT -DSDL  conftest.c -lsndfile  -lmad -lpng12   -Wl,-Bsymbolic-functions -Wl,-z,relro -lzzip -lz   -lz -lSDL_net -lSDL_ttf -lSDL_image  -L/usr/lib/x86_64-linux-gnu -lSDL >&5
configure:6481: $? = 0
configure:6490: result: yes
configure:6511: checking for VORBISFILE
configure:6518: $PKG_CONFIG --exists --print-errors "vorbisfile"
configure:6521: $? = 0
configure:6535: $PKG_CONFIG --exists --print-errors "vorbisfile"
configure:6538: $? = 0
configure:6596: result: yes
configure:6611: checking for FFMPEG
configure:6618: $PKG_CONFIG --exists --print-errors "libavcodec >= 53.35.0 libavformat >= 53.21.0 libavutil >= 51.22.0 libswscale >= 2.1.0"
configure:6621: $? = 0
configure:6635: $PKG_CONFIG --exists --print-errors "libavcodec >= 53.35.0 libavformat >= 53.21.0 libavutil >= 51.22.0 libswscale >= 2.1.0"
configure:6638: $? = 0
configure:6696: result: yes
configure:6726: checking speex/speex.h usability
configure:6726: gcc -c -g -O2     -I/usr/include/libpng12   -D_FORTIFY_SOURCE=2    -I/usr/include/SDL -D_GNU_SOURCE=1 -D_REENTRANT -DSDL conftest.c >&5
configure:6726: $? = 0
configure:6726: result: yes
configure:6726: checking speex/speex.h presence
configure:6726: gcc -E     -I/usr/include/libpng12   -D_FORTIFY_SOURCE=2    -I/usr/include/SDL -D_GNU_SOURCE=1 -D_REENTRANT -DSDL conftest.c
configure:6726: $? = 0
configure:6726: result: yes
configure:6726: checking for speex/speex.h
configure:6726: result: yes
configure:6732: checking for speex_decoder_init in -lspeex
configure:6757: gcc -o conftest -g -O2     -I/usr/include/libpng12   -D_FORTIFY_SOURCE=2    -I/usr/include/SDL -D_GNU_SOURCE=1 -D_REENTRANT -DSDL  conftest.c -lspeex  -lavcodec -lavformat -lavutil -lswscale   -lvorbisfile -lvorbis -lm -logg   -lsndfile -lmad -lpng12   -Wl,-Bsymbolic-functions -Wl,-z,relro -lzzip -lz   -lz -lSDL_net -lSDL_ttf -lSDL_image  -L/usr/lib/x86_64-linux-gnu -lSDL >&5
configure:6757: $? = 0
configure:6766: result: yes
configure:6777: checking for speex_preprocess_state_init in -lspeexdsp
configure:6802: gcc -o conftest -g -O2     -I/usr/include/libpng12   -D_FORTIFY_SOURCE=2    -I/usr/include/SDL -D_GNU_SOURCE=1 -D_REENTRANT -DSDL  conftest.c -lspeexdsp  -lspeex -lavcodec -lavformat -lavutil -lswscale   -lvorbisfile -lvorbis -lm -logg   -lsndfile -lmad -lpng12   -Wl,-Bsymbolic-functions -Wl,-z,relro -lzzip -lz   -lz -lSDL_net -lSDL_ttf -lSDL_image  -L/usr/lib/x86_64-linux-gnu -lSDL >&5
configure:6802: $? = 0
configure:6811: result: yes
configure:6829: checking alsa/asoundlib.h usability
configure:6829: gcc -c -g -O2     -I/usr/include/libpng12   -D_FORTIFY_SOURCE=2    -I/usr/include/SDL -D_GNU_SOURCE=1 -D_REENTRANT -DSDL conftest.c >&5
configure:6829: $? = 0
configure:6829: result: yes
configure:6829: checking alsa/asoundlib.h presence
configure:6829: gcc -E     -I/usr/include/libpng12   -D_FORTIFY_SOURCE=2    -I/usr/include/SDL -D_GNU_SOURCE=1 -D_REENTRANT -DSDL conftest.c
configure:6829: $? = 0
configure:6829: result: yes
configure:6829: checking for alsa/asoundlib.h
configure:6829: result: yes
configure:6835: checking for snd_pcm_open in -lasound
configure:6860: gcc -o conftest -g -O2     -I/usr/include/libpng12   -D_FORTIFY_SOURCE=2    -I/usr/include/SDL -D_GNU_SOURCE=1 -D_REENTRANT -DSDL  conftest.c -lasound  -lspeexdsp -lspeex -lavcodec -lavformat -lavutil -lswscale   -lvorbisfile -lvorbis -lm -logg   -lsndfile -lmad -lpng12   -Wl,-Bsymbolic-functions -Wl,-z,relro -lzzip -lz   -lz -lSDL_net -lSDL_ttf -lSDL_image  -L/usr/lib/x86_64-linux-gnu -lSDL >&5
configure:6860: $? = 0
configure:6869: result: yes
configure:6905: checking for OpenGL support
configure:6926: gcc -c -g -O2     -I/usr/include/libpng12   -D_FORTIFY_SOURCE=2    -I/usr/include/SDL -D_GNU_SOURCE=1 -D_REENTRANT -DSDL conftest.c >&5
configure:6926: $? = 0
configure:6932: result: yes
configure:6938: checking for gluScaleImage in -lGLU
configure:6963: gcc -o conftest -g -O2     -I/usr/include/libpng12   -D_FORTIFY_SOURCE=2    -I/usr/include/SDL -D_GNU_SOURCE=1 -D_REENTRANT -DSDL  conftest.c -lGLU -lGL -lpthread -lasound -lspeexdsp -lspeex -lavcodec -lavformat -lavutil -lswscale   -lvorbisfile -lvorbis -lm -logg   -lsndfile -lmad -lpng12   -Wl,-Bsymbolic-functions -Wl,-z,relro -lzzip -lz   -lz -lSDL_net -lSDL_ttf -lSDL_image  -L/usr/lib/x86_64-linux-gnu -lSDL >&5
configure:6963: $? = 0
configure:6972: result: yes
configure:6981: checking for GL/glext.h
configure:6981: gcc -c -g -O2     -I/usr/include/libpng12   -D_FORTIFY_SOURCE=2    -I/usr/include/SDL -D_GNU_SOURCE=1 -D_REENTRANT -DSDL conftest.c >&5
configure:6981: $? = 0
configure:6981: result: yes
configure:7195: creating ./config.status

## ---------------------- ##
## Running config.status. ##
## ---------------------- ##

This file was extended by Aleph One/SDL config.status 20140104, which was
generated by GNU Autoconf 2.69.  Invocation command line was

  CONFIG_FILES    = 
  CONFIG_HEADERS  = 
  CONFIG_LINKS    = 
  CONFIG_COMMANDS = 
  $ ./config.status 

on radverbial-M68MT-D3

config.status:946: creating Makefile
config.status:946: creating AlephOne.spec
config.status:946: creating Source_Files/Makefile
config.status:946: creating Source_Files/CSeries/Makefile
config.status:946: creating Source_Files/Expat/Makefile
config.status:946: creating Source_Files/FFmpeg/Makefile
config.status:946: creating Source_Files/Files/Makefile
config.status:946: creating Source_Files/GameWorld/Makefile
config.status:946: creating Source_Files/Input/Makefile
config.status:946: creating Source_Files/LibNAT/Makefile
config.status:946: creating Source_Files/Lua/Makefile
config.status:946: creating Source_Files/Misc/Makefile
config.status:946: creating Source_Files/ModelView/Makefile
config.status:946: creating Source_Files/Network/Makefile
config.status:946: creating Source_Files/Network/Metaserver/Makefile
config.status:946: creating Source_Files/RenderMain/Makefile
config.status:946: creating Source_Files/RenderOther/Makefile
config.status:946: creating Source_Files/Sound/Makefile
config.status:946: creating Source_Files/TCPMess/Makefile
config.status:946: creating Source_Files/XML/Makefile
config.status:946: creating tools/Makefile
config.status:946: creating data/Makefile
config.status:946: creating data/default_theme/Makefile
config.status:946: creating config.h
config.status:1127: config.h is unchanged
config.status:1175: executing depfiles commands

## ---------------- ##
## Cache variables. ##
## ---------------- ##

ac_cv_build=x86_64-unknown-linux-gnu
ac_cv_c_compiler_gnu=yes
ac_cv_cxx_compiler_gnu=yes
ac_cv_env_CCC_set=
ac_cv_env_CCC_value=
ac_cv_env_CC_set=
ac_cv_env_CC_value=
ac_cv_env_CFLAGS_set=
ac_cv_env_CFLAGS_value=
ac_cv_env_CPPFLAGS_set=
ac_cv_env_CPPFLAGS_value=
ac_cv_env_CPP_set=
ac_cv_env_CPP_value=
ac_cv_env_CXXCPP_set=
ac_cv_env_CXXCPP_value=
ac_cv_env_CXXFLAGS_set=
ac_cv_env_CXXFLAGS_value=
ac_cv_env_CXX_set=
ac_cv_env_CXX_value=
ac_cv_env_FFMPEG_CFLAGS_set=
ac_cv_env_FFMPEG_CFLAGS_value=
ac_cv_env_FFMPEG_LIBS_set=
ac_cv_env_FFMPEG_LIBS_value=
ac_cv_env_LDFLAGS_set=
ac_cv_env_LDFLAGS_value=
ac_cv_env_LIBS_set=
ac_cv_env_LIBS_value=
ac_cv_env_PKG_CONFIG_LIBDIR_set=
ac_cv_env_PKG_CONFIG_LIBDIR_value=
ac_cv_env_PKG_CONFIG_PATH_set=
ac_cv_env_PKG_CONFIG_PATH_value=
ac_cv_env_PKG_CONFIG_set=
ac_cv_env_PKG_CONFIG_value=
ac_cv_env_PNG_CFLAGS_set=
ac_cv_env_PNG_CFLAGS_value=
ac_cv_env_PNG_LIBS_set=
ac_cv_env_PNG_LIBS_value=
ac_cv_env_VORBISFILE_CFLAGS_set=
ac_cv_env_VORBISFILE_CFLAGS_value=
ac_cv_env_VORBISFILE_LIBS_set=
ac_cv_env_VORBISFILE_LIBS_value=
ac_cv_env_ZZIP_CFLAGS_set=
ac_cv_env_ZZIP_CFLAGS_value=
ac_cv_env_ZZIP_LIBS_set=
ac_cv_env_ZZIP_LIBS_value=
ac_cv_env_build_alias_set=
ac_cv_env_build_alias_value=
ac_cv_env_host_alias_set=
ac_cv_env_host_alias_value=
ac_cv_env_target_alias_set=
ac_cv_env_target_alias_value=
ac_cv_func_mkstemp=yes
ac_cv_func_snprintf=yes
ac_cv_func_sysconf=yes
ac_cv_func_sysctlbyname=no
ac_cv_func_vsnprintf=yes
ac_cv_header_GL_glext_h=yes
ac_cv_header_SDL_image_h=yes
ac_cv_header_SDL_net_h=yes
ac_cv_header_SDL_ttf_h=yes
ac_cv_header_alsa_asoundlib_h=yes
ac_cv_header_boost_bind_hpp=yes
ac_cv_header_boost_function_hpp=yes
ac_cv_header_inttypes_h=yes
ac_cv_header_mad_h=yes
ac_cv_header_memory_h=yes
ac_cv_header_pwd_h=yes
ac_cv_header_smpeg_smpeg_h=no
ac_cv_header_sndfile_h=yes
ac_cv_header_speex_speex_h=yes
ac_cv_header_stdc=yes
ac_cv_header_stdint_h=yes
ac_cv_header_stdlib_h=yes
ac_cv_header_string_h=yes
ac_cv_header_strings_h=yes
ac_cv_header_sys_stat_h=yes
ac_cv_header_sys_types_h=yes
ac_cv_header_unistd_h=yes
ac_cv_header_zlib_h=yes
ac_cv_host=x86_64-unknown-linux-gnu
ac_cv_lib_GLU_gluScaleImage=yes
ac_cv_lib_SDL_image_IMG_Load=yes
ac_cv_lib_SDL_net_SDLNet_Init=yes
ac_cv_lib_SDL_ttf_TTF_Init=yes
ac_cv_lib_asound_snd_pcm_open=yes
ac_cv_lib_mad_mad_stream_init=yes
ac_cv_lib_sndfile_sf_open=yes
ac_cv_lib_speex_speex_decoder_init=yes
ac_cv_lib_speexdsp_speex_preprocess_state_init=yes
ac_cv_lib_z_zlibVersion=yes
ac_cv_objext=o
ac_cv_path_EGREP='/bin/grep -E'
ac_cv_path_GREP=/bin/grep
ac_cv_path_SDL_CONFIG=/usr/bin/sdl-config
ac_cv_path_ac_pt_PKG_CONFIG=/usr/bin/pkg-config
ac_cv_path_install='/usr/bin/install -c'
ac_cv_path_mkdir=/bin/mkdir
ac_cv_prog_AWK=gawk
ac_cv_prog_CPP='gcc -E'
ac_cv_prog_CXXCPP='g++ -E'
ac_cv_prog_ac_ct_CC=gcc
ac_cv_prog_ac_ct_CXX=g++
ac_cv_prog_ac_ct_RANLIB=ranlib
ac_cv_prog_cc_c89=
ac_cv_prog_cc_g=yes
ac_cv_prog_cxx_g=yes
ac_cv_prog_make_make_set=yes
ac_cv_search_gethostbyname='none required'
ac_cv_search_socket='none required'
ac_cv_target=x86_64-unknown-linux-gnu
am_cv_CC_dependencies_compiler_type=gcc3
am_cv_CXX_dependencies_compiler_type=gcc3
pkg_cv_FFMPEG_CFLAGS=' '
pkg_cv_FFMPEG_LIBS='-lavcodec -lavformat -lavutil -lswscale  '
pkg_cv_PNG_CFLAGS='-I/usr/include/libpng12  '
pkg_cv_PNG_LIBS='-lpng12  '
pkg_cv_VORBISFILE_CFLAGS=' '
pkg_cv_VORBISFILE_LIBS='-lvorbisfile -lvorbis -lm -logg  '
pkg_cv_ZZIP_CFLAGS='-D_FORTIFY_SOURCE=2  '
pkg_cv_ZZIP_LIBS='-Wl,-Bsymbolic-functions -Wl,-z,relro -lzzip -lz  '

## ----------------- ##
## Output variables. ##
## ----------------- ##

ACLOCAL='${SHELL} /home/radverbial/marathon-code/missing --run aclocal-1.11'
AMDEPBACKSLASH='\'
AMDEP_FALSE='#'
AMDEP_TRUE=''
AMTAR='$${TAR-tar}'
AUTOCONF='${SHELL} /home/radverbial/marathon-code/missing --run autoconf'
AUTOHEADER='${SHELL} /home/radverbial/marathon-code/missing --run autoheader'
AUTOMAKE='${SHELL} /home/radverbial/marathon-code/missing --run automake-1.11'
AWK='gawk'
BUILD_ZZIP_RWOPS_FALSE='#'
BUILD_ZZIP_RWOPS_TRUE=''
CC='gcc'
CCDEPMODE='depmode=gcc3'
CFLAGS='-g -O2'
CPP='gcc -E'
CPPFLAGS='    -I/usr/include/libpng12   -D_FORTIFY_SOURCE=2    -I/usr/include/SDL -D_GNU_SOURCE=1 -D_REENTRANT -DSDL'
CXX='g++'
CXXCPP='g++ -E'
CXXDEPMODE='depmode=gcc3'
CXXFLAGS='-g -O2 -std=c++1y'
CYGPATH_W='echo'
DEFS='-DHAVE_CONFIG_H'
DEPDIR='.deps'
ECHO_C=''
ECHO_N='-n'
ECHO_T=''
EGREP='/bin/grep -E'
EXEEXT=''
FFMPEG_CFLAGS=' '
FFMPEG_LIBS='-lavcodec -lavformat -lavutil -lswscale  '
GREP='/bin/grep'
HAVE_FFMPEG_FALSE='#'
HAVE_FFMPEG_TRUE=''
HAVE_PNG_FALSE='#'
HAVE_PNG_TRUE=''
HAVE_SDL_NET_FALSE='#'
HAVE_SDL_NET_TRUE=''
INSTALL_DATA='${INSTALL} -m 644'
INSTALL_PROGRAM='${INSTALL}'
INSTALL_SCRIPT='${INSTALL}'
INSTALL_STRIP_PROGRAM='$(install_sh) -c -s'
LDFLAGS=''
LIBOBJS=''
LIBS='-lasound -lspeexdsp -lspeex -lavcodec -lavformat -lavutil -lswscale   -lvorbisfile -lvorbis -lm -logg   -lsndfile -lmad -lpng12   -Wl,-Bsymbolic-functions -Wl,-z,relro -lzzip -lz   -lz -lSDL_net -lSDL_ttf -lSDL_image  -L/usr/lib/x86_64-linux-gnu -lSDL -lGL -lpthread -lGLU'
LTLIBOBJS=''
MAKEINFO='${SHELL} /home/radverbial/marathon-code/missing --run makeinfo'
MAKE_OPENGL_FALSE='#'
MAKE_OPENGL_TRUE=''
MAKE_WINDOWS_FALSE=''
MAKE_WINDOWS_TRUE='#'
MKDIR_P='/bin/mkdir -p'
OBJEXT='o'
PACKAGE='AlephOne'
PACKAGE_BUGREPORT='http://sourceforge.net/bugs/?group_id=1997'
PACKAGE_NAME='Aleph One/SDL'
PACKAGE_STRING='Aleph One/SDL 20140104'
PACKAGE_TARNAME='AlephOne'
PACKAGE_URL=''
PACKAGE_VERSION='20140104'
PATH_SEPARATOR=':'
PKG_CONFIG='/usr/bin/pkg-config'
PKG_CONFIG_LIBDIR=''
PKG_CONFIG_PATH=''
PNG_CFLAGS='-I/usr/include/libpng12  '
PNG_LIBS='-lpng12  '
RANLIB='ranlib'
SDL_CFLAGS='-I/usr/include/SDL -D_GNU_SOURCE=1 -D_REENTRANT'
SDL_CONFIG='/usr/bin/sdl-config'
SDL_LIBS='-L/usr/lib/x86_64-linux-gnu -lSDL'
SET_MAKE=''
SHELL='/bin/bash'
STRIP=''
VERSION='20140104'
VORBISFILE_CFLAGS=' '
VORBISFILE_LIBS='-lvorbisfile -lvorbis -lm -logg  '
WINDRES=''
ZZIP_CFLAGS='-D_FORTIFY_SOURCE=2  '
ZZIP_LIBS='-Wl,-Bsymbolic-functions -Wl,-z,relro -lzzip -lz  '
ac_ct_CC='gcc'
ac_ct_CXX='g++'
am__EXEEXT_FALSE=''
am__EXEEXT_TRUE='#'
am__fastdepCC_FALSE='#'
am__fastdepCC_TRUE=''
am__fastdepCXX_FALSE='#'
am__fastdepCXX_TRUE=''
am__include='include'
am__isrc=''
am__leading_dot='.'
am__nodep='_no'
am__quote=''
am__tar='$${TAR-tar} chof - "$$tardir"'
am__untar='$${TAR-tar} xf -'
bindir='${exec_prefix}/bin'
build='x86_64-unknown-linux-gnu'
build_alias=''
build_cpu='x86_64'
build_os='linux-gnu'
build_vendor='unknown'
datadir='${datarootdir}'
datarootdir='${prefix}/share'
docdir='${datarootdir}/doc/${PACKAGE_TARNAME}'
dvidir='${docdir}'
exec_prefix='${prefix}'
host='x86_64-unknown-linux-gnu'
host_alias=''
host_cpu='x86_64'
host_os='linux-gnu'
host_vendor='unknown'
htmldir='${docdir}'
includedir='${prefix}/include'
infodir='${datarootdir}/info'
install_sh='${SHELL} /home/radverbial/marathon-code/install-sh'
libdir='${exec_prefix}/lib'
libexecdir='${exec_prefix}/libexec'
localedir='${datarootdir}/locale'
localstatedir='${prefix}/var'
mandir='${datarootdir}/man'
mkdir_p='/bin/mkdir -p'
oldincludedir='/usr/include'
pdfdir='${docdir}'
prefix='/usr/local'
program_transform_name='s,x,x,'
psdir='${docdir}'
sbindir='${exec_prefix}/sbin'
sharedstatedir='${prefix}/com'
sysconfdir='${prefix}/etc'
target='x86_64-unknown-linux-gnu'
target_alias=''
target_cpu='x86_64'
target_os='linux-gnu'
target_vendor='unknown'

## ----------- ##
## confdefs.h. ##
## ----------- ##

/* confdefs.h */
#define PACKAGE_NAME "Aleph One/SDL"
#define PACKAGE_TARNAME "AlephOne"
#define PACKAGE_VERSION "20140104"
#define PACKAGE_STRING "Aleph One/SDL 20140104"
#define PACKAGE_BUGREPORT "http://sourceforge.net/bugs/?group_id=1997"
#define PACKAGE_URL ""
#define PACKAGE "AlephOne"
#define VERSION "20140104"
#define STDC_HEADERS 1
#define HAVE_SYS_TYPES_H 1
#define HAVE_SYS_STAT_H 1
#define HAVE_STDLIB_H 1
#define HAVE_STRING_H 1
#define HAVE_MEMORY_H 1
#define HAVE_STRINGS_H 1
#define HAVE_INTTYPES_H 1
#define HAVE_STDINT_H 1
#define HAVE_UNISTD_H 1
#define HAVE_UNISTD_H 1
#define HAVE_PWD_H 1
#define HAVE_SNPRINTF 1
#define HAVE_VSNPRINTF 1
#define LUA_USE_MKSTEMP 1
#define HAVE_SYSCONF 1
#define HAVE_SDL_IMAGE_H 1
#define HAVE_SDL_IMAGE 1
#define HAVE_SDL_TTF_H 1
#define HAVE_SDL_TTF 1
#define HAVE_SDL_NET_H 1
#define HAVE_SDL_NET 1
#define HAVE_ZZIP 1
#define HAVE_PNG 1
#define HAVE_MAD_H 1
#define HAVE_MAD 1
#define HAVE_SNDFILE_H 1
#define HAVE_SNDFILE 1
#define HAVE_VORBISFILE 1
#define HAVE_FFMPEG 1
#define HAVE_LUA 1
#define HAVE_SPEEX_SPEEX_H 1
#define SPEEX 1
#define HAVE_ALSA_ASOUNDLIB_H 1
#define HAVE_ALSA 1
#define HAVE_OPENGL 1
#define HAVE_GL_GLEXT_H 1
#define TARGET_PLATFORM "linux-gnu x86_64"

configure: exit 0

## ---------------------- ##
## Running config.status. ##
## ---------------------- ##

This file was extended by Aleph One/SDL config.status 20140104, which was
generated by GNU Autoconf 2.69.  Invocation command line was

  CONFIG_FILES    = 
  CONFIG_HEADERS  = 
  CONFIG_LINKS    = 
  CONFIG_COMMANDS = 
  $ ./config.status config.h

on radverbial-M68MT-D3

config.status:946: creating config.h
config.status:1127: config.h is unchanged
